1594232378.361794|LAUNCH|DIDLaunch START NSConcreteNotification 0x6000026071e0 {name = NSApplicationDidFinishLaunchingNotification; object = <BTTApplication: 0x600001f58000>; userInfo = {
    NSApplicationLaunchIsDefaultLaunchKey = 1;
}}|
1594232378.378591|SYS|Running on macOS: 10.15.5|
1594232378.378632|SYS|BTT Version: 3.389|
1594232378.378690|SYS|Device: MacBookPro15,2|
1594232378.461026|usage|loading todays usage|
1594232378.478068|short|init|
1594232379.022124|KEY|keyboard Error Domain=NSMachErrorDomain Code=-536870174 "(iokit/common) not permitted" UserInfo={reportingLine=201, reportingMethod=-[DDHidDevice openWithOptions:], reportingFile=/Users/andi/Xcode/BetterTouchTool/BetterTouchTool/Code/DDHidDevice.m, origin=(*mDeviceInterface)->open(mDeviceInterface, options)}|
1594232379.022214|KEY|keyboard Error Domain=NSMachErrorDomain Code=-536870174 "(iokit/common) not permitted" UserInfo={reportingLine=201, reportingMethod=-[DDHidDevice openWithOptions:], reportingFile=/Users/andi/Xcode/BetterTouchTool/BetterTouchTool/Code/DDHidDevice.m, origin=(*mDeviceInterface)->open(mDeviceInterface, options)}|
1594232379.022244|KEY|keyboard Error Domain=NSMachErrorDomain Code=-536870174 "(iokit/common) not permitted" UserInfo={reportingLine=201, reportingMethod=-[DDHidDevice openWithOptions:], reportingFile=/Users/andi/Xcode/BetterTouchTool/BetterTouchTool/Code/DDHidDevice.m, origin=(*mDeviceInterface)->open(mDeviceInterface, options)}|
1594232379.022304|KEY|keyboard Error Domain=NSMachErrorDomain Code=-536870174 "(iokit/common) not permitted" UserInfo={reportingLine=201, reportingMethod=-[DDHidDevice openWithOptions:], reportingFile=/Users/andi/Xcode/BetterTouchTool/BetterTouchTool/Code/DDHidDevice.m, origin=(*mDeviceInterface)->open(mDeviceInterface, options)}|
1594232379.022347|KEY|keyboard Error Domain=NSMachErrorDomain Code=-536870174 "(iokit/common) not permitted" UserInfo={reportingLine=201, reportingMethod=-[DDHidDevice openWithOptions:], reportingFile=/Users/andi/Xcode/BetterTouchTool/BetterTouchTool/Code/DDHidDevice.m, origin=(*mDeviceInterface)->open(mDeviceInterface, options)}|
1594232379.022371|KEY|keyboard Error Domain=NSMachErrorDomain Code=-536870174 "(iokit/common) not permitted" UserInfo={reportingLine=201, reportingMethod=-[DDHidDevice openWithOptions:], reportingFile=/Users/andi/Xcode/BetterTouchTool/BetterTouchTool/Code/DDHidDevice.m, origin=(*mDeviceInterface)->open(mDeviceInterface, options)}|
1594232379.023965|xw|last used store: (null), newStore: btt_data_store.version_3_389_build_1612|
1594232379.047376|migrate|fixing uuids2|
1594232379.048725|LIC|idate 2020-07-08 18:19:39 +0000|
1594232379.054466|xw|error loading master preset|
1594232379.117385|PERM|Can record screen 0|
1594232379.117604|xw|not trusted|
1594232379.117618|short|call sharedInstance3|
1594232379.179152|TB|touchbar screen size {1085, 30}|
1594232379.480387|START|TB VISIBLE 0|
1594232379.480420|START|TB FORCED HIDDEN 0|
1594232379.487769|LAUNCH|DIDLaunch END frontmostApp: com.apple.finder, touchpadMode 0, windowSnappingDisabled 0, singleFingerScrollingDisabled 0, mmScrollingUsed 0, tpScrollingUsed 0, tpPinchUsed 0, tpRotateUsed 0|
1594232379.980307|KEY|keyboard Error Domain=NSMachErrorDomain Code=-536870174 "(iokit/common) not permitted" UserInfo={reportingLine=201, reportingMethod=-[DDHidDevice openWithOptions:], reportingFile=/Users/andi/Xcode/BetterTouchTool/BetterTouchTool/Code/DDHidDevice.m, origin=(*mDeviceInterface)->open(mDeviceInterface, options)}|
1594232379.980459|KEY|keyboard Error Domain=NSMachErrorDomain Code=-536870174 "(iokit/common) not permitted" UserInfo={reportingLine=201, reportingMethod=-[DDHidDevice openWithOptions:], reportingFile=/Users/andi/Xcode/BetterTouchTool/BetterTouchTool/Code/DDHidDevice.m, origin=(*mDeviceInterface)->open(mDeviceInterface, options)}|
1594232379.980507|KEY|keyboard Error Domain=NSMachErrorDomain Code=-536870174 "(iokit/common) not permitted" UserInfo={reportingLine=201, reportingMethod=-[DDHidDevice openWithOptions:], reportingFile=/Users/andi/Xcode/BetterTouchTool/BetterTouchTool/Code/DDHidDevice.m, origin=(*mDeviceInterface)->open(mDeviceInterface, options)}|
1594232379.980537|KEY|keyboard Error Domain=NSMachErrorDomain Code=-536870174 "(iokit/common) not permitted" UserInfo={reportingLine=201, reportingMethod=-[DDHidDevice openWithOptions:], reportingFile=/Users/andi/Xcode/BetterTouchTool/BetterTouchTool/Code/DDHidDevice.m, origin=(*mDeviceInterface)->open(mDeviceInterface, options)}|
1594232379.980581|KEY|keyboard Error Domain=NSMachErrorDomain Code=-536870174 "(iokit/common) not permitted" UserInfo={reportingLine=201, reportingMethod=-[DDHidDevice openWithOptions:], reportingFile=/Users/andi/Xcode/BetterTouchTool/BetterTouchTool/Code/DDHidDevice.m, origin=(*mDeviceInterface)->open(mDeviceInterface, options)}|
1594232379.980633|KEY|keyboard Error Domain=NSMachErrorDomain Code=-536870174 "(iokit/common) not permitted" UserInfo={reportingLine=201, reportingMethod=-[DDHidDevice openWithOptions:], reportingFile=/Users/andi/Xcode/BetterTouchTool/BetterTouchTool/Code/DDHidDevice.m, origin=(*mDeviceInterface)->open(mDeviceInterface, options)}|
1594232380.437822|KEY|keyboard Error Domain=NSMachErrorDomain Code=-536870174 "(iokit/common) not permitted" UserInfo={reportingLine=201, reportingMethod=-[DDHidDevice openWithOptions:], reportingFile=/Users/andi/Xcode/BetterTouchTool/BetterTouchTool/Code/DDHidDevice.m, origin=(*mDeviceInterface)->open(mDeviceInterface, options)}|
1594232380.437865|KEY|keyboard Error Domain=NSMachErrorDomain Code=-536870174 "(iokit/common) not permitted" UserInfo={reportingLine=201, reportingMethod=-[DDHidDevice openWithOptions:], reportingFile=/Users/andi/Xcode/BetterTouchTool/BetterTouchTool/Code/DDHidDevice.m, origin=(*mDeviceInterface)->open(mDeviceInterface, options)}|
1594232380.437890|KEY|keyboard Error Domain=NSMachErrorDomain Code=-536870174 "(iokit/common) not permitted" UserInfo={reportingLine=201, reportingMethod=-[DDHidDevice openWithOptions:], reportingFile=/Users/andi/Xcode/BetterTouchTool/BetterTouchTool/Code/DDHidDevice.m, origin=(*mDeviceInterface)->open(mDeviceInterface, options)}|
1594232380.437912|KEY|keyboard Error Domain=NSMachErrorDomain Code=-536870174 "(iokit/common) not permitted" UserInfo={reportingLine=201, reportingMethod=-[DDHidDevice openWithOptions:], reportingFile=/Users/andi/Xcode/BetterTouchTool/BetterTouchTool/Code/DDHidDevice.m, origin=(*mDeviceInterface)->open(mDeviceInterface, options)}|
1594232380.437934|KEY|keyboard Error Domain=NSMachErrorDomain Code=-536870174 "(iokit/common) not permitted" UserInfo={reportingLine=201, reportingMethod=-[DDHidDevice openWithOptions:], reportingFile=/Users/andi/Xcode/BetterTouchTool/BetterTouchTool/Code/DDHidDevice.m, origin=(*mDeviceInterface)->open(mDeviceInterface, options)}|
1594232380.437955|KEY|keyboard Error Domain=NSMachErrorDomain Code=-536870174 "(iokit/common) not permitted" UserInfo={reportingLine=201, reportingMethod=-[DDHidDevice openWithOptions:], reportingFile=/Users/andi/Xcode/BetterTouchTool/BetterTouchTool/Code/DDHidDevice.m, origin=(*mDeviceInterface)->open(mDeviceInterface, options)}|
1594232380.901682|KEY|keyboard Error Domain=NSMachErrorDomain Code=-536870174 "(iokit/common) not permitted" UserInfo={reportingLine=201, reportingMethod=-[DDHidDevice openWithOptions:], reportingFile=/Users/andi/Xcode/BetterTouchTool/BetterTouchTool/Code/DDHidDevice.m, origin=(*mDeviceInterface)->open(mDeviceInterface, options)}|
1594232380.901725|KEY|keyboard Error Domain=NSMachErrorDomain Code=-536870174 "(iokit/common) not permitted" UserInfo={reportingLine=201, reportingMethod=-[DDHidDevice openWithOptions:], reportingFile=/Users/andi/Xcode/BetterTouchTool/BetterTouchTool/Code/DDHidDevice.m, origin=(*mDeviceInterface)->open(mDeviceInterface, options)}|
1594232380.901750|KEY|keyboard Error Domain=NSMachErrorDomain Code=-536870174 "(iokit/common) not permitted" UserInfo={reportingLine=201, reportingMethod=-[DDHidDevice openWithOptions:], reportingFile=/Users/andi/Xcode/BetterTouchTool/BetterTouchTool/Code/DDHidDevice.m, origin=(*mDeviceInterface)->open(mDeviceInterface, options)}|
1594232380.901810|KEY|keyboard Error Domain=NSMachErrorDomain Code=-536870174 "(iokit/common) not permitted" UserInfo={reportingLine=201, reportingMethod=-[DDHidDevice openWithOptions:], reportingFile=/Users/andi/Xcode/BetterTouchTool/BetterTouchTool/Code/DDHidDevice.m, origin=(*mDeviceInterface)->open(mDeviceInterface, options)}|
1594232380.901838|KEY|keyboard Error Domain=NSMachErrorDomain Code=-536870174 "(iokit/common) not permitted" UserInfo={reportingLine=201, reportingMethod=-[DDHidDevice openWithOptions:], reportingFile=/Users/andi/Xcode/BetterTouchTool/BetterTouchTool/Code/DDHidDevice.m, origin=(*mDeviceInterface)->open(mDeviceInterface, options)}|
1594232380.901863|KEY|keyboard Error Domain=NSMachErrorDomain Code=-536870174 "(iokit/common) not permitted" UserInfo={reportingLine=201, reportingMethod=-[DDHidDevice openWithOptions:], reportingFile=/Users/andi/Xcode/BetterTouchTool/BetterTouchTool/Code/DDHidDevice.m, origin=(*mDeviceInterface)->open(mDeviceInterface, options)}|
1594232381.344787|KEY|keyboard Error Domain=NSMachErrorDomain Code=-536870174 "(iokit/common) not permitted" UserInfo={reportingLine=201, reportingMethod=-[DDHidDevice openWithOptions:], reportingFile=/Users/andi/Xcode/BetterTouchTool/BetterTouchTool/Code/DDHidDevice.m, origin=(*mDeviceInterface)->open(mDeviceInterface, options)}|
1594232381.344844|KEY|keyboard Error Domain=NSMachErrorDomain Code=-536870174 "(iokit/common) not permitted" UserInfo={reportingLine=201, reportingMethod=-[DDHidDevice openWithOptions:], reportingFile=/Users/andi/Xcode/BetterTouchTool/BetterTouchTool/Code/DDHidDevice.m, origin=(*mDeviceInterface)->open(mDeviceInterface, options)}|
1594232381.344870|KEY|keyboard Error Domain=NSMachErrorDomain Code=-536870174 "(iokit/common) not permitted" UserInfo={reportingLine=201, reportingMethod=-[DDHidDevice openWithOptions:], reportingFile=/Users/andi/Xcode/BetterTouchTool/BetterTouchTool/Code/DDHidDevice.m, origin=(*mDeviceInterface)->open(mDeviceInterface, options)}|
1594232381.344893|KEY|keyboard Error Domain=NSMachErrorDomain Code=-536870174 "(iokit/common) not permitted" UserInfo={reportingLine=201, reportingMethod=-[DDHidDevice openWithOptions:], reportingFile=/Users/andi/Xcode/BetterTouchTool/BetterTouchTool/Code/DDHidDevice.m, origin=(*mDeviceInterface)->open(mDeviceInterface, options)}|
1594232381.344915|KEY|keyboard Error Domain=NSMachErrorDomain Code=-536870174 "(iokit/common) not permitted" UserInfo={reportingLine=201, reportingMethod=-[DDHidDevice openWithOptions:], reportingFile=/Users/andi/Xcode/BetterTouchTool/BetterTouchTool/Code/DDHidDevice.m, origin=(*mDeviceInterface)->open(mDeviceInterface, options)}|
1594232381.344963|KEY|keyboard Error Domain=NSMachErrorDomain Code=-536870174 "(iokit/common) not permitted" UserInfo={reportingLine=201, reportingMethod=-[DDHidDevice openWithOptions:], reportingFile=/Users/andi/Xcode/BetterTouchTool/BetterTouchTool/Code/DDHidDevice.m, origin=(*mDeviceInterface)->open(mDeviceInterface, options)}|
1594232381.783914|KEY|keyboard Error Domain=NSMachErrorDomain Code=-536870174 "(iokit/common) not permitted" UserInfo={reportingLine=201, reportingMethod=-[DDHidDevice openWithOptions:], reportingFile=/Users/andi/Xcode/BetterTouchTool/BetterTouchTool/Code/DDHidDevice.m, origin=(*mDeviceInterface)->open(mDeviceInterface, options)}|
1594232381.783956|KEY|keyboard Error Domain=NSMachErrorDomain Code=-536870174 "(iokit/common) not permitted" UserInfo={reportingLine=201, reportingMethod=-[DDHidDevice openWithOptions:], reportingFile=/Users/andi/Xcode/BetterTouchTool/BetterTouchTool/Code/DDHidDevice.m, origin=(*mDeviceInterface)->open(mDeviceInterface, options)}|
1594232381.783981|KEY|keyboard Error Domain=NSMachErrorDomain Code=-536870174 "(iokit/common) not permitted" UserInfo={reportingLine=201, reportingMethod=-[DDHidDevice openWithOptions:], reportingFile=/Users/andi/Xcode/BetterTouchTool/BetterTouchTool/Code/DDHidDevice.m, origin=(*mDeviceInterface)->open(mDeviceInterface, options)}|
1594232381.784037|KEY|keyboard Error Domain=NSMachErrorDomain Code=-536870174 "(iokit/common) not permitted" UserInfo={reportingLine=201, reportingMethod=-[DDHidDevice openWithOptions:], reportingFile=/Users/andi/Xcode/BetterTouchTool/BetterTouchTool/Code/DDHidDevice.m, origin=(*mDeviceInterface)->open(mDeviceInterface, options)}|
1594232381.784060|KEY|keyboard Error Domain=NSMachErrorDomain Code=-536870174 "(iokit/common) not permitted" UserInfo={reportingLine=201, reportingMethod=-[DDHidDevice openWithOptions:], reportingFile=/Users/andi/Xcode/BetterTouchTool/BetterTouchTool/Code/DDHidDevice.m, origin=(*mDeviceInterface)->open(mDeviceInterface, options)}|
1594232381.784100|KEY|keyboard Error Domain=NSMachErrorDomain Code=-536870174 "(iokit/common) not permitted" UserInfo={reportingLine=201, reportingMethod=-[DDHidDevice openWithOptions:], reportingFile=/Users/andi/Xcode/BetterTouchTool/BetterTouchTool/Code/DDHidDevice.m, origin=(*mDeviceInterface)->open(mDeviceInterface, options)}|
1594232382.389785|KEY|keyboard Error Domain=NSMachErrorDomain Code=-536870174 "(iokit/common) not permitted" UserInfo={reportingLine=201, reportingMethod=-[DDHidDevice openWithOptions:], reportingFile=/Users/andi/Xcode/BetterTouchTool/BetterTouchTool/Code/DDHidDevice.m, origin=(*mDeviceInterface)->open(mDeviceInterface, options)}|
1594232382.389839|KEY|keyboard Error Domain=NSMachErrorDomain Code=-536870174 "(iokit/common) not permitted" UserInfo={reportingLine=201, reportingMethod=-[DDHidDevice openWithOptions:], reportingFile=/Users/andi/Xcode/BetterTouchTool/BetterTouchTool/Code/DDHidDevice.m, origin=(*mDeviceInterface)->open(mDeviceInterface, options)}|
1594232382.389869|KEY|keyboard Error Domain=NSMachErrorDomain Code=-536870174 "(iokit/common) not permitted" UserInfo={reportingLine=201, reportingMethod=-[DDHidDevice openWithOptions:], reportingFile=/Users/andi/Xcode/BetterTouchTool/BetterTouchTool/Code/DDHidDevice.m, origin=(*mDeviceInterface)->open(mDeviceInterface, options)}|
1594232382.389897|KEY|keyboard Error Domain=NSMachErrorDomain Code=-536870174 "(iokit/common) not permitted" UserInfo={reportingLine=201, reportingMethod=-[DDHidDevice openWithOptions:], reportingFile=/Users/andi/Xcode/BetterTouchTool/BetterTouchTool/Code/DDHidDevice.m, origin=(*mDeviceInterface)->open(mDeviceInterface, options)}|
1594232382.389927|KEY|keyboard Error Domain=NSMachErrorDomain Code=-536870174 "(iokit/common) not permitted" UserInfo={reportingLine=201, reportingMethod=-[DDHidDevice openWithOptions:], reportingFile=/Users/andi/Xcode/BetterTouchTool/BetterTouchTool/Code/DDHidDevice.m, origin=(*mDeviceInterface)->open(mDeviceInterface, options)}|
1594232382.389954|KEY|keyboard Error Domain=NSMachErrorDomain Code=-536870174 "(iokit/common) not permitted" UserInfo={reportingLine=201, reportingMethod=-[DDHidDevice openWithOptions:], reportingFile=/Users/andi/Xcode/BetterTouchTool/BetterTouchTool/Code/DDHidDevice.m, origin=(*mDeviceInterface)->open(mDeviceInterface, options)}|
1594232383.015812|KEY|keyboard Error Domain=NSMachErrorDomain Code=-536870174 "(iokit/common) not permitted" UserInfo={reportingLine=201, reportingMethod=-[DDHidDevice openWithOptions:], reportingFile=/Users/andi/Xcode/BetterTouchTool/BetterTouchTool/Code/DDHidDevice.m, origin=(*mDeviceInterface)->open(mDeviceInterface, options)}|
1594232383.015857|KEY|keyboard Error Domain=NSMachErrorDomain Code=-536870174 "(iokit/common) not permitted" UserInfo={reportingLine=201, reportingMethod=-[DDHidDevice openWithOptions:], reportingFile=/Users/andi/Xcode/BetterTouchTool/BetterTouchTool/Code/DDHidDevice.m, origin=(*mDeviceInterface)->open(mDeviceInterface, options)}|
1594232383.015884|KEY|keyboard Error Domain=NSMachErrorDomain Code=-536870174 "(iokit/common) not permitted" UserInfo={reportingLine=201, reportingMethod=-[DDHidDevice openWithOptions:], reportingFile=/Users/andi/Xcode/BetterTouchTool/BetterTouchTool/Code/DDHidDevice.m, origin=(*mDeviceInterface)->open(mDeviceInterface, options)}|
1594232383.015908|KEY|keyboard Error Domain=NSMachErrorDomain Code=-536870174 "(iokit/common) not permitted" UserInfo={reportingLine=201, reportingMethod=-[DDHidDevice openWithOptions:], reportingFile=/Users/andi/Xcode/BetterTouchTool/BetterTouchTool/Code/DDHidDevice.m, origin=(*mDeviceInterface)->open(mDeviceInterface, options)}|
1594232383.015930|KEY|keyboard Error Domain=NSMachErrorDomain Code=-536870174 "(iokit/common) not permitted" UserInfo={reportingLine=201, reportingMethod=-[DDHidDevice openWithOptions:], reportingFile=/Users/andi/Xcode/BetterTouchTool/BetterTouchTool/Code/DDHidDevice.m, origin=(*mDeviceInterface)->open(mDeviceInterface, options)}|
1594232383.015956|KEY|keyboard Error Domain=NSMachErrorDomain Code=-536870174 "(iokit/common) not permitted" UserInfo={reportingLine=201, reportingMethod=-[DDHidDevice openWithOptions:], reportingFile=/Users/andi/Xcode/BetterTouchTool/BetterTouchTool/Code/DDHidDevice.m, origin=(*mDeviceInterface)->open(mDeviceInterface, options)}|
1594232383.732146|SLEEP|FORCESHOWAFTERSLEEP2|
1594232383.732170|TB|Force show Touch Bar|
1594232383.803428|TB|PresentationMode appWithControlStrip (null)|
1594232383.862474|M|mt_stop2|
1594232383.862605|TB|PresentationMode appWithControlStrip (null)|
1594232384.150232|SLEEP|FORCESHOWAFTERSLEEP3B|
1594232384.150263|TB|Force show Touch Bar|
1594232384.156121|M|register touchbar mbp trackpad|
1594232384.169512|TB|Error opening gesture device|
1594232390.211159|M|mt_stop11|
1594232390.211365|M|unregister magic trackpad 2|
1594232390.212473|M|register touchbar mbp trackpad|
1594232396.212667|M|mt_stop11|
1594232396.212846|M|unregister magic trackpad 2|
1594232396.214519|M|register touchbar mbp trackpad|
1594232396.214554|STDEV||
1594232402.124245|TB|PresentationMode appWithControlStrip (null)|
1594232419.846296|TB|PresentationMode appWithControlStrip (null)|
1594232426.939778|TB|PresentationMode appWithControlStrip (null)|
1594232427.257965|xw|should relaunch|
1594232427.258182|xw|BTTRelaunch found|
1594232427.258208|xw|BTTRelaunch call seems successfull|
1594232427.269865|TERMINATE|SHOULDTERMINATE|
1594232427.628999|LAUNCH|DIDLaunch START NSConcreteNotification 0x600000074870 {name = NSApplicationDidFinishLaunchingNotification; object = <BTTApplication: 0x60000393c840>; userInfo = {
    NSApplicationLaunchIsDefaultLaunchKey = 1;
}}|
1594232427.645396|SYS|Running on macOS: 10.15.5|
1594232427.645421|SYS|BTT Version: 3.389|
1594232427.645454|SYS|Device: MacBookPro15,2|
1594232427.695167|usage|loading todays usage|
1594232427.706651|short|init|
1594232428.177374|STORE|The store already exists in udefs|
1594232428.177492|xw|the new store already exists btt_data_store.version_3_389_build_1612|
1594232428.187274|migrate|fixing uuids2|
1594232428.189161|LIC|idate 2020-07-08 18:19:38 +0000|
1594232428.193615|LIC|closing previous instance of BetterTouchTool relaunch|
1594232428.226738|PERM|Can record screen 0|
1594232428.226873|xw|is trusted|
1594232428.249278|short|call sharedInstance3|
1594232428.303626|TB|touchbar screen size {1085, 30}|
1594232428.612238|LIC|trial|
1594232428.614663|START|TB VISIBLE 0|
1594232428.614681|START|TB FORCED HIDDEN 0|
1594232428.625464|LAUNCH|DIDLaunch END frontmostApp: com.apple.systempreferences, touchpadMode 0, windowSnappingDisabled 0, singleFingerScrollingDisabled 0, mmScrollingUsed 0, tpScrollingUsed 0, tpPinchUsed 0, tpRotateUsed 0|
1594232428.648472|TB|PresentationMode appWithControlStrip (null)|
1594232432.296558|TB|PresentationMode appWithControlStrip (null)|
1594232432.456812|SLEEP|FORCESHOWAFTERSLEEP2|
1594232432.456836|TB|Force show Touch Bar|
1594232432.488238|ASL|view did load BTTAppListVC|
1594232432.504125|ASL|view did load BTTTopMenuVC|
1594232432.509491|ASL|window did load BTTRootPreferencesWC|
1594232432.509587|ASL|did set <BTTMainUIStructureVC: 0x600003b1f780> BTTMainUIStructureVC|
1594232432.509640|ASL|did set <BTTMainSplitViewController: 0x600003f1d860> BTTMainSplitViewController|
1594232432.509674|ASL|did set <BTTLevel3VC: 0x600003532560> BTTLevel3VC|
1594232432.509714|ASL|did set <BTTLevel1VC: 0x60000313c870> BTTLevel1VC|
1594232432.509747|ASL|did set <BTTConfigurationVC: 0x7f95f2ed6ac0> BTTConfigurationVC|
1594232432.509769|ASL|did set <BTTConfigurationVC: 0x7f95f2f9c450> BTTConfigurationVC|
1594232432.509801|ASL|did set <BTTOutlineModeVC: 0x60000312d680> BTTOutlineModeVC|
1594232432.509843|ASL|did set <BTTTopMenuVC: 0x60000373d260> BTTTopMenuVC|
1594232432.641059|M|mt_stop2|
1594232432.641196|TB|PresentationMode appWithControlStrip (null)|
1594232432.772219|SLEEP|FORCESHOWAFTERSLEEP3B|
1594232432.772246|TB|Force show Touch Bar|
1594232432.775371|M|register touchbar mbp trackpad|
1594232432.775399|STDEV||
1594232432.806564|ASL|did load level 3|
1594232432.865784|FORM|2UUID (null) == (null) editing 0 == 0|
1594232433.032283|NEWUI|Loading Config Debounced|
1594232433.032314|FORM|1UUID (null) == (null) editing 0 == 0|
1594232434.713185|WISNA|Focus doesn't match window pid|
1594232434.740723|TB|PresentationMode appWithControlStrip (null)|
1594232439.655889|PREFS|DID SELECT TRIGGER TYPE 9|
1594232439.677797|FORM|2UUID (null) == (null) editing 0 == 0|
1594232445.408286|TB|PresentationMode appWithControlStrip (null)|
1594232448.599718|WISNA|Focus doesn't match window pid|
1594232471.997916|TB|PresentationMode appWithControlStrip (null)|
1594232472.361041|FORM|2UUID 5EA1C2DA-0126-4D3A-A3D4-BA46B562EEAB == (null) editing 0 == 0|
1594232472.573195|short|eventtap success|
1594232472.630871|ASL|enable shortcut fetch|
1594232484.073929|FORM|saving 0 for leftRightDifferentiation, keypath: notesInstead|
1594232484.073996|FORM|saving 0 for merge, keypath: merge|
1594232484.078458|FORM|saving 1 for isEnabled, keypath: isEnabled|
1594232484.161057|NEWUI|Loading Config Debounced|
1594232484.161103|FORM|1NOT UPDATING ! UUID 5EA1C2DA-0126-4D3A-A3D4-BA46B562EEAB == 5EA1C2DA-0126-4D3A-A3D4-BA46B562EEAB editing action == 0|
1594232488.568218|UI|Level 3 Focused|
1594232488.572435|UI|Level 3 Focused|
1594232488.669426|NEWUI|Loading Config Debounced|
1594232488.669486|FORM|1UUID 5EA1C2DA-0126-4D3A-A3D4-BA46B562EEAB == 5EA1C2DA-0126-4D3A-A3D4-BA46B562EEAB editing 1 == 0|
1594232488.906507|ASL|setup|
1594232488.962336|ASL|Become active|
1594232488.972054|ASL|Become active|
1594232488.972227|ASL|adding key monitor|
1594232489.371653|ASL|Become active|
1594232489.372124|ASL|Become active|
1594232500.526956|ASL|resign <NSScrollView: 0x7f95f3a36a00>|
1594232500.589611|OUTLINE|CLICKED|
1594232500.849475|ASL|removing key monitor|
1594232503.014164|UI|Level 1 Focused|
1594232503.180740|NEWUI|Loading Config Debounced|
1594232503.180813|FORM|1UUID 5EA1C2DA-0126-4D3A-A3D4-BA46B562EEAB == 5EA1C2DA-0126-4D3A-A3D4-BA46B562EEAB editing 0 == 1|
1594232503.350026|FORM|2UUID 4ACB9910-B8DB-491C-9B41-9E55629880C0 == 5EA1C2DA-0126-4D3A-A3D4-BA46B562EEAB editing 0 == 0|
1594232503.609582|ASL|enable shortcut fetch|
1594232505.250417|FORM|saving 0 for leftRightDifferentiation, keypath: notesInstead|
1594232505.250489|FORM|saving 0 for merge, keypath: merge|
1594232505.254634|FORM|saving 1 for isEnabled, keypath: isEnabled|
1594232507.327894|UI|Level 3 Focused|
1594232507.331998|UI|Level 3 Focused|
1594232507.442764|NEWUI|Loading Config Debounced|
1594232507.442856|FORM|1UUID 4ACB9910-B8DB-491C-9B41-9E55629880C0 == 4ACB9910-B8DB-491C-9B41-9E55629880C0 editing 1 == 0|
1594232507.670399|ASL|setup|
1594232507.694525|ASL|Become active|
1594232507.701586|ASL|Become active|
1594232507.701789|ASL|adding key monitor|
1594232508.038884|ASL|Become active|
1594232508.046713|ASL|Become active|
1594232513.346185|ASL|resign <NSScrollView: 0x7f95f3a36a00>|
1594232513.440721|OUTLINE|CLICKED|
1594232513.714327|ASL|removing key monitor|
1594232515.168427|UI|Level 1 Focused|
1594232515.235798|FORM|2UUID 5EA1C2DA-0126-4D3A-A3D4-BA46B562EEAB == 4ACB9910-B8DB-491C-9B41-9E55629880C0 editing 0 == 1|
1594232515.298771|NEWUI|Loading Config Debounced|
1594232515.298863|FORM|1UUID 5EA1C2DA-0126-4D3A-A3D4-BA46B562EEAB == 5EA1C2DA-0126-4D3A-A3D4-BA46B562EEAB editing 0 == 0|
1594232516.301686|NEWUI|Loading Config Debounced|
1594232561.083512|NEWUI|Opening Settings BTTKeyboardSettings|
1594232561.144547|NEWUI|Opening Settings BTTKeyboardSettings|
1594232577.671968|ASL|language en-US|
1594232596.488703|TB|PresentationMode appWithControlStrip (null)|
1594232615.717715|WISNA|Focus doesn't match window pid|
1594232717.637831|UI|Level 3 Focused|
1594232717.715316|NEWUI|Loading Config Debounced|
1594232717.715413|FORM|1UUID 5EA1C2DA-0126-4D3A-A3D4-BA46B562EEAB == DCCEA1DD-6E9F-4C5B-99B8-42FB6DB1E7AC editing 1 == 0|
1594232779.600017|ASL|deallocating root Window controller|
1594232779.607263|ASL|deallocating BTTPrefsMenuContentContainerVC|
1594232779.621824|NEWUI|DEALLOC Settings Container VC|
1594232779.629197|ASL|dealloc main ui structure vc|
1594232779.629245|ASL|deallocating BTTMainUIStructureVC|
1594232779.629346|ASL|deallocating BTTMainSplitViewController|
1594232779.629619|ASL|deallocating BTTAppListVC|
1594232779.629837|ASL|deallocating BTTTopMenuVC|
1594232779.630426|ASL|deallocating BTTOutlineModeVC|
1594232779.630637|ASL|deallocating BTTConfigurationVC|
1594232779.638145|ASL|dealloc level1|
1594232779.638189|ASL|deallocating BTTLevel1VC|
1594232779.638524|ASL|deallocating BTTLevel3VC|
1594232779.638813|ASL|deallocating BTTConfigurationVC|
1594232790.460652|ASL|view did load BTTAppListVC|
1594232790.469710|ASL|view did load BTTTopMenuVC|
1594232790.473592|ASL|window did load BTTRootPreferencesWC|
1594232790.473679|ASL|did set <BTTMainUIStructureVC: 0x600003b60540> BTTMainUIStructureVC|
1594232790.473720|ASL|did set <BTTLevel3VC: 0x600003554270> BTTLevel3VC|
1594232790.473755|ASL|did set <BTTConfigurationVC: 0x7f95f8b2d390> BTTConfigurationVC|
1594232790.473786|ASL|did set <BTTLevel1VC: 0x60000312e760> BTTLevel1VC|
1594232790.473823|ASL|did set <BTTMainSplitViewController: 0x600003f103c0> BTTMainSplitViewController|
1594232790.473845|ASL|did set <BTTConfigurationVC: 0x7f95f2e86010> BTTConfigurationVC|
1594232790.473876|ASL|did set <BTTOutlineModeVC: 0x60000311c0f0> BTTOutlineModeVC|
1594232790.473918|ASL|did set <BTTTopMenuVC: 0x600003701ce0> BTTTopMenuVC|
1594232790.768972|ASL|did load level 3|
1594232790.807037|FORM|2UUID 5EA1C2DA-0126-4D3A-A3D4-BA46B562EEAB == (null) editing 0 == 0|
1594232790.983096|NEWUI|Loading Config Debounced|
1594232790.983124|FORM|1UUID 5EA1C2DA-0126-4D3A-A3D4-BA46B562EEAB == 5EA1C2DA-0126-4D3A-A3D4-BA46B562EEAB editing 0 == 0|
1594232791.154958|FORM|2UUID 5EA1C2DA-0126-4D3A-A3D4-BA46B562EEAB == 5EA1C2DA-0126-4D3A-A3D4-BA46B562EEAB editing 0 == 0|
1594232791.217941|NEWUI|Loading Config Debounced|
1594232791.217978|FORM|1UUID 5EA1C2DA-0126-4D3A-A3D4-BA46B562EEAB == 5EA1C2DA-0126-4D3A-A3D4-BA46B562EEAB editing 0 == 0|
1594232793.082228|NEWUI|Opening Settings BTTKeyboardSettings|
1594232793.112555|NEWUI|Opening Settings BTTKeyboardSettings|
1594232845.622338|SEC|SecureInputActive com.googlecode.iterm2 520|
1594232873.572026|SEC|SecureInputDisabled com.googlecode.iterm2|
1594232874.301394|short|eventtap success|
1594232875.420150|SEC|SecureInputActive com.googlecode.iterm2 520|
1594232930.650229|SEC|SecureInputDisabled com.googlecode.iterm2|
1594232931.375921|short|eventtap success|
1594233000.646828|SEC|SecureInputActive com.googlecode.iterm2 520|
1594233078.781520|SEC|SecureInputDisabled com.googlecode.iterm2|
1594233079.557190|short|eventtap success|
1594233131.704423|SEC|SecureInputActive com.googlecode.iterm2 520|
1594233205.039469|SEC|SecureInputDisabled com.googlecode.iterm2|
1594233205.762404|short|eventtap success|
1594233214.814587|SEC|SecureInputActive com.googlecode.iterm2 520|
1594233222.419612|SEC|SecureInputDisabled com.googlecode.iterm2|
1594233223.175660|short|eventtap success|
1594233253.711309|SEC|SecureInputActive com.googlecode.iterm2 520|
1594233330.677648|SEC|SecureInputDisabled com.googlecode.iterm2|
1594233331.445885|short|eventtap success|
1594233377.265327|SEC|SecureInputActive com.googlecode.iterm2 520|
1594233477.540913|SEC|SecureInputDisabled com.googlecode.iterm2|
1594233478.297228|short|eventtap success|
1594233546.055962|SEC|SecureInputActive com.googlecode.iterm2 520|
1594233572.097640|SEC|SecureInputDisabled com.googlecode.iterm2|
1594233572.804810|short|eventtap success|
1594233578.598715|FORM|2UUID 2EFB276C-26F2-4124-835D-7F034AB87DAC == 5EA1C2DA-0126-4D3A-A3D4-BA46B562EEAB editing 0 == 0|
1594233578.861897|ASL|enable shortcut fetch|
1594233585.051352|ASL|Error Domain=NSCocoaErrorDomain Code=0 "The key combination ⌘⇥ may already be used by a system-wide keyboard shortcut.(Most shortcuts can be changed in the Keyboard & Mouse panel in System Preferences.)" UserInfo={NSLocalizedRecoveryOptions=(
    OK
), NSLocalizedDescription=The key combination ⌘⇥ may already be used by a system-wide keyboard shortcut.(Most shortcuts can be changed in the Keyboard & Mouse panel in System Preferences.), NSLocalizedRecoverySuggestion=The key combination "Command + ⇥" may already used by a system-wide keyboard shortcut. (Most shortcuts can be changed in the Keyboard & Mouse panel in System Preferences.)}|
1594233585.053430|FORM|saving 0 for leftRightDifferentiation, keypath: notesInstead|
1594233585.053490|FORM|saving 0 for merge, keypath: merge|
1594233585.058058|FORM|saving 1 for isEnabled, keypath: isEnabled|
1594233590.296604|UI|Level 3 Focused|
1594233590.300160|UI|Level 3 Focused|
1594233590.401218|NEWUI|Loading Config Debounced|
1594233590.401268|FORM|1UUID 2EFB276C-26F2-4124-835D-7F034AB87DAC == 2EFB276C-26F2-4124-835D-7F034AB87DAC editing 1 == 0|
1594233590.636697|ASL|setup|
1594233590.680927|ASL|Become active|
1594233590.688310|ASL|Become active|
1594233590.688511|ASL|adding key monitor|
1594233591.077503|ASL|Become active|
1594233591.083833|ASL|Become active|
1594233637.391210|ASL|Become active|
1594233637.401483|ASL|Become active|
1594233638.374611|UI|Level 3 Focused|
1594233638.376550|ASL|resign <NSScrollView: 0x7f95f50ea400>|
1594233638.460706|NEWUI|Loading Config Debounced|
1594233638.460845|FORM|1UUID 2EFB276C-26F2-4124-835D-7F034AB87DAC == 2EFB276C-26F2-4124-835D-7F034AB87DAC editing 1 == 1|
1594233638.693724|ASL|removing key monitor|
1594233638.968959|UI|Level 1 Focused|
1594233639.038330|NEWUI|Loading Config Debounced|
1594233639.038389|FORM|1UUID 2EFB276C-26F2-4124-835D-7F034AB87DAC == 2EFB276C-26F2-4124-835D-7F034AB87DAC editing 0 == 1|
1594233639.280979|FORM|SETTING LEVEL 1 TRIGGER|
1594233639.281082|FORM|2UUID 2EFB276C-26F2-4124-835D-7F034AB87DAC == 2EFB276C-26F2-4124-835D-7F034AB87DAC editing 0 == 0|
1594233639.346921|NEWUI|Loading Config Debounced|
1594233639.347010|FORM|1NOT UPDATING ! UUID 2EFB276C-26F2-4124-835D-7F034AB87DAC == 2EFB276C-26F2-4124-835D-7F034AB87DAC editing action == 0|
1594233642.141037|FORM|saving 0 for leftRightDifferentiation, keypath: notesInstead|
1594233642.141137|FORM|saving 0 for merge, keypath: merge|
1594233642.147716|FORM|saving 1 for isEnabled, keypath: isEnabled|
1594233642.153950|ASL|enable shortcut fetch|
1594233642.460273|FORM|SETTING LEVEL 1 TRIGGER|
1594233642.460336|FORM|2UUID 2EFB276C-26F2-4124-835D-7F034AB87DAC == 2EFB276C-26F2-4124-835D-7F034AB87DAC editing 0 == 0|
1594233642.522013|NEWUI|Loading Config Debounced|
1594233642.522100|FORM|1NOT UPDATING ! UUID 2EFB276C-26F2-4124-835D-7F034AB87DAC == 2EFB276C-26F2-4124-835D-7F034AB87DAC editing action == 0|
1594233645.000829|ASL|enable shortcut fetch|
1594233645.689882|FORM|saving 0 for leftRightDifferentiation, keypath: notesInstead|
1594233645.689939|FORM|saving 0 for merge, keypath: merge|
1594233645.694326|FORM|saving 1 for isEnabled, keypath: isEnabled|
1594233649.794630|UI|Level 3 Focused|
1594233649.797824|UI|Level 3 Focused|
1594233649.894461|NEWUI|Loading Config Debounced|
1594233649.894507|FORM|1UUID 2EFB276C-26F2-4124-835D-7F034AB87DAC == 2EFB276C-26F2-4124-835D-7F034AB87DAC editing 1 == 0|
1594233650.122876|ASL|setup|
1594233650.136791|ASL|Become active|
1594233650.143540|ASL|Become active|
1594233650.143688|ASL|adding key monitor|
1594233650.204501|ASL|Become active|
1594233650.211350|ASL|Become active|
1594233700.328729|ASL|resign <NSScrollView: 0x7f95fa145000>|
1594233700.402336|OUTLINE|CLICKED|
1594233700.654244|ASL|removing key monitor|
1594233710.190804|SEC|SecureInputActive com.googlecode.iterm2 520|
1594233711.038263|SEC|SecureInputDisabled com.googlecode.iterm2|
1594233711.830621|short|eventtap success|
1594233713.109032|UI|Level 1 Focused|
1594233713.256161|NEWUI|Loading Config Debounced|
1594233713.256225|FORM|1UUID 2EFB276C-26F2-4124-835D-7F034AB87DAC == 2EFB276C-26F2-4124-835D-7F034AB87DAC editing 0 == 1|
1594233713.453362|FORM|2UUID C0B46F81-5411-4CE5-B3A8-7381E143FDE2 == 2EFB276C-26F2-4124-835D-7F034AB87DAC editing 0 == 0|
1594233713.711393|ASL|enable shortcut fetch|
1594233716.485218|FORM|saving 0 for leftRightDifferentiation, keypath: notesInstead|
1594233716.485277|FORM|saving 0 for merge, keypath: merge|
1594233716.489818|FORM|saving 1 for isEnabled, keypath: isEnabled|
1594233718.092358|UI|Level 3 Focused|
1594233718.096446|UI|Level 3 Focused|
1594233718.184476|NEWUI|Loading Config Debounced|
1594233718.184538|FORM|1UUID C0B46F81-5411-4CE5-B3A8-7381E143FDE2 == C0B46F81-5411-4CE5-B3A8-7381E143FDE2 editing 1 == 0|
1594233718.411415|ASL|setup|
1594233718.431767|ASL|Become active|
1594233718.439578|ASL|Become active|
1594233718.439751|ASL|adding key monitor|
1594233718.768636|ASL|Become active|
1594233718.775384|ASL|Become active|
1594233757.826103|UI|Level 1 Focused|
1594233757.826345|ASL|resign <NSScrollView: 0x7f95fa0da800>|
1594233757.901365|NEWUI|Loading Config Debounced|
1594233757.901448|FORM|1UUID C0B46F81-5411-4CE5-B3A8-7381E143FDE2 == C0B46F81-5411-4CE5-B3A8-7381E143FDE2 editing 0 == 1|
1594233758.147132|FORM|SETTING LEVEL 1 TRIGGER|
1594233758.147216|FORM|2UUID C0B46F81-5411-4CE5-B3A8-7381E143FDE2 == C0B46F81-5411-4CE5-B3A8-7381E143FDE2 editing 0 == 0|
1594233758.148838|ASL|removing key monitor|
1594233758.208977|NEWUI|Loading Config Debounced|
1594233758.209043|FORM|1NOT UPDATING ! UUID C0B46F81-5411-4CE5-B3A8-7381E143FDE2 == C0B46F81-5411-4CE5-B3A8-7381E143FDE2 editing action == 0|
1594233763.924117|FORM|2UUID 2EFB276C-26F2-4124-835D-7F034AB87DAC == C0B46F81-5411-4CE5-B3A8-7381E143FDE2 editing 0 == 0|
1594233764.002830|NEWUI|Loading Config Debounced|
1594233764.002887|FORM|1UUID 2EFB276C-26F2-4124-835D-7F034AB87DAC == 2EFB276C-26F2-4124-835D-7F034AB87DAC editing 0 == 0|
1594233765.875747|UI|Level 3 Focused|
1594233765.949361|NEWUI|Loading Config Debounced|
1594233765.949442|FORM|1UUID 2EFB276C-26F2-4124-835D-7F034AB87DAC == 2EFB276C-26F2-4124-835D-7F034AB87DAC editing 1 == 0|
1594233767.380783|ASL|setup|
1594233767.397211|ASL|Become active|
1594233767.405055|ASL|Become active|
1594233767.405236|ASL|adding key monitor|
1594233781.433118|UI|Level 3 Focused|
1594233781.434945|ASL|resign <NSScrollView: 0x7f95f50ea400>|
1594233781.511973|NEWUI|Loading Config Debounced|
1594233781.512044|FORM|1UUID 2EFB276C-26F2-4124-835D-7F034AB87DAC == 2EFB276C-26F2-4124-835D-7F034AB87DAC editing 1 == 1|
1594233781.679503|ASL|removing key monitor|
1594233782.249405|SEC|SecureInputActive com.googlecode.iterm2 520|
1594233782.840564|SEC|SecureInputDisabled com.googlecode.iterm2|
1594233783.557094|short|eventtap success|
1594233786.667243|ASL|setup|
1594233786.694590|ASL|Become active|
1594233786.701793|ASL|Become active|
1594233786.701985|ASL|adding key monitor|
1594233800.082489|ASL|resign <NSScrollView: 0x7f95fa145000>|
1594233800.141015|OUTLINE|CLICKED|
1594233800.409994|ASL|removing key monitor|
1594233861.381237|ASL|setup|
1594233861.407043|ASL|Become active|
1594233861.414278|ASL|Become active|
1594233861.414468|ASL|adding key monitor|
1594233901.349687|ASL|resign <NSScrollView: 0x7f95fa145000>|
1594233901.423355|OUTLINE|CLICKED|
1594233901.700148|ASL|removing key monitor|
1594233903.679877|ASL|continuing    N/A in BTT|
1594233910.655406|ASL|continuing    N/A in BTT|
1594233914.538512|ASL|continuing    N/A in BTT|
1594233919.730536|ASL|continuing    N/A in BTT|
1594233922.454538|ASL|continuing    N/A in BTT|
1594233925.438295|ASL|setup|
1594233925.467164|ASL|Become active|
1594233925.474116|ASL|Become active|
1594233925.474300|ASL|adding key monitor|
1594233936.161895|ASL|resign <NSScrollView: 0x7f95fa145000>|
1594233936.218030|OUTLINE|CLICKED|
1594233936.497413|ASL|removing key monitor|
1594233945.038101|ASL|setup|
1594233945.058070|ASL|Become active|
1594233945.065223|ASL|Become active|
1594233945.065407|ASL|adding key monitor|
1594233953.070700|UI|Level 1 Focused|
1594233953.070937|ASL|resign <NSScrollView: 0x7f95fa0da800>|
1594233953.144587|NEWUI|Loading Config Debounced|
1594233953.144690|FORM|1UUID 2EFB276C-26F2-4124-835D-7F034AB87DAC == 2EFB276C-26F2-4124-835D-7F034AB87DAC editing 0 == 1|
1594233953.394664|FORM|SETTING LEVEL 1 TRIGGER|
1594233953.394744|FORM|2UUID 2EFB276C-26F2-4124-835D-7F034AB87DAC == 2EFB276C-26F2-4124-835D-7F034AB87DAC editing 0 == 0|
1594233953.396570|ASL|removing key monitor|
1594233953.488687|NEWUI|Loading Config Debounced|
1594233953.488764|FORM|1UUID 2EFB276C-26F2-4124-835D-7F034AB87DAC == 2EFB276C-26F2-4124-835D-7F034AB87DAC editing 0 == 0|
1594233954.275775|ASL|enable shortcut fetch|
1594233956.208566|FORM|saving 0 for leftRightDifferentiation, keypath: notesInstead|
1594233956.208633|FORM|saving 0 for merge, keypath: merge|
1594233956.213042|FORM|saving 1 for isEnabled, keypath: isEnabled|
1594233964.045744|UI|Level 3 Focused|
1594233964.123277|NEWUI|Loading Config Debounced|
1594233964.123365|FORM|1UUID 2EFB276C-26F2-4124-835D-7F034AB87DAC == 2EFB276C-26F2-4124-835D-7F034AB87DAC editing 1 == 0|
1594233982.930117|ASL|setup|
1594233982.952347|ASL|Become active|
1594233982.960129|ASL|Become active|
1594233982.960355|ASL|adding key monitor|
1594234012.347500|ASL|resign <NSScrollView: 0x7f95fa145000>|
1594234012.438034|OUTLINE|CLICKED|
1594234012.721344|ASL|removing key monitor|
1594234016.728693|UI|Level 1 Focused|
1594234016.797965|NEWUI|Loading Config Debounced|
1594234016.798054|FORM|1UUID 2EFB276C-26F2-4124-835D-7F034AB87DAC == 2EFB276C-26F2-4124-835D-7F034AB87DAC editing 0 == 1|
1594234017.051409|FORM|SETTING LEVEL 1 TRIGGER|
1594234017.051520|FORM|2UUID 2EFB276C-26F2-4124-835D-7F034AB87DAC == 2EFB276C-26F2-4124-835D-7F034AB87DAC editing 0 == 0|
1594234017.128771|NEWUI|Loading Config Debounced|
1594234017.128828|FORM|1UUID 2EFB276C-26F2-4124-835D-7F034AB87DAC == 2EFB276C-26F2-4124-835D-7F034AB87DAC editing 0 == 0|
1594234017.797027|ASL|enable shortcut fetch|
1594234020.495454|ASL|Error Domain=NSCocoaErrorDomain Code=0 "The key combination ⌘S can't be used!" UserInfo={NSLocalizedRecoveryOptions=(
    OK
), NSLocalizedDescription=The key combination ⌘S can't be used!, NSLocalizedRecoverySuggestion=The key combination "Command + S" can't be used because it's already used by the menu item "Save Changes".}|
1594234020.497567|FORM|saving 0 for leftRightDifferentiation, keypath: notesInstead|
1594234020.497624|FORM|saving 0 for merge, keypath: merge|
1594234020.502201|FORM|saving 1 for isEnabled, keypath: isEnabled|
1594234028.069164|ASL|enable shortcut fetch|
1594234029.143037|ASL|Error Domain=NSCocoaErrorDomain Code=0 "The key combination ⌃⌘S may already be used by a system-wide keyboard shortcut.(Most shortcuts can be changed in the Keyboard & Mouse panel in System Preferences.)" UserInfo={NSLocalizedRecoveryOptions=(
    OK
), NSLocalizedDescription=The key combination ⌃⌘S may already be used by a system-wide keyboard shortcut.(Most shortcuts can be changed in the Keyboard & Mouse panel in System Preferences.), NSLocalizedRecoverySuggestion=The key combination "Command + Control + S" may already used by a system-wide keyboard shortcut. (Most shortcuts can be changed in the Keyboard & Mouse panel in System Preferences.)}|
1594234029.145442|FORM|saving 0 for leftRightDifferentiation, keypath: notesInstead|
1594234029.145497|FORM|saving 0 for merge, keypath: merge|
1594234029.149622|FORM|saving 1 for isEnabled, keypath: isEnabled|
1594234031.509458|UI|Level 3 Focused|
1594234031.588271|NEWUI|Loading Config Debounced|
1594234031.588361|FORM|1UUID 2EFB276C-26F2-4124-835D-7F034AB87DAC == 2EFB276C-26F2-4124-835D-7F034AB87DAC editing 1 == 0|
1594234035.595081|ASL|setup|
1594234035.621726|ASL|Become active|
1594234035.629181|ASL|Become active|
1594234035.629402|ASL|adding key monitor|
1594234045.332217|UI|Level 3 Focused|
1594234045.335360|ASL|resign <NSScrollView: 0x7f95f50ea400>|
1594234045.335862|UI|Level 1 Focused|
1594234045.451479|NEWUI|Loading Config Debounced|
1594234045.451526|FORM|1UUID 2EFB276C-26F2-4124-835D-7F034AB87DAC == 2EFB276C-26F2-4124-835D-7F034AB87DAC editing 0 == 1|
1594234045.634646|ASL|removing key monitor|
1594234045.659764|FORM|2UUID 0C15886C-528B-4F31-A37F-5609E500E96A == 2EFB276C-26F2-4124-835D-7F034AB87DAC editing 0 == 0|
1594234045.926884|ASL|enable shortcut fetch|
1594234049.345544|FORM|saving 0 for leftRightDifferentiation, keypath: notesInstead|
1594234049.345609|FORM|saving 0 for merge, keypath: merge|
1594234049.349989|FORM|saving 1 for isEnabled, keypath: isEnabled|
1594234052.121344|UI|Level 3 Focused|
1594234052.124489|UI|Level 3 Focused|
1594234052.219504|NEWUI|Loading Config Debounced|
1594234052.219548|FORM|1UUID 0C15886C-528B-4F31-A37F-5609E500E96A == 0C15886C-528B-4F31-A37F-5609E500E96A editing 1 == 0|
1594234052.457801|ASL|setup|
1594234052.489473|ASL|Become active|
1594234052.496698|ASL|Become active|
1594234052.496870|ASL|adding key monitor|
1594234052.564211|ASL|Become active|
1594234052.570299|ASL|Become active|
1594234056.531884|ASL|resign <NSScrollView: 0x7f95fa145000>|
1594234056.609649|OUTLINE|CLICKED|
1594234056.611012|ASL|enable shortcut fetch|
1594234057.636552|ASL|disable shortcut fetch|
1594234057.639806|ASL|Become active|
1594234057.648393|ASL|Become active|
1594234067.266540|ASL|resign <NSScrollView: 0x7f95fa145000>|
1594234067.343720|OUTLINE|CLICKED|
1594234067.615974|ASL|removing key monitor|
1594234068.869568|UI|Level 3 Focused|
1594234068.948918|NEWUI|Loading Config Debounced|
1594234068.949005|FORM|1UUID 0C15886C-528B-4F31-A37F-5609E500E96A == 0C15886C-528B-4F31-A37F-5609E500E96A editing 1 == 1|
1594234080.092940|ASL|setup|
1594234080.114208|ASL|Become active|
1594234080.121396|ASL|Become active|
1594234080.121569|ASL|adding key monitor|
1594234084.491552|ASL|resign <NSScrollView: 0x7f95fa145000>|
1594234084.518879|OUTLINE|CLICKED|
1594234090.977814|ASL|Become active|
1594234090.987736|ASL|Become active|
1594234094.370701|ASL|resign <NSScrollView: 0x7f95fa145000>|
1594234094.447331|OUTLINE|CLICKED|
1594234094.713247|ASL|removing key monitor|
1594234101.189301|SEC|SecureInputActive com.googlecode.iterm2 520|
1594234106.150528|SEC|SecureInputDisabled com.googlecode.iterm2|
1594234107.949919|short|eventtap success|
1594234111.355999|UI|Level 1 Focused|
1594234111.476643|NEWUI|Loading Config Debounced|
1594234111.476698|FORM|1UUID 0C15886C-528B-4F31-A37F-5609E500E96A == 0C15886C-528B-4F31-A37F-5609E500E96A editing 0 == 1|
1594234111.683456|FORM|2UUID F4AAAADA-CF4E-43FE-8011-D6C43A8C9A9A == 0C15886C-528B-4F31-A37F-5609E500E96A editing 0 == 0|
1594234111.946765|ASL|enable shortcut fetch|
1594234115.140568|FORM|saving 0 for leftRightDifferentiation, keypath: notesInstead|
1594234115.140624|FORM|saving 0 for merge, keypath: merge|
1594234115.145126|FORM|saving 1 for isEnabled, keypath: isEnabled|
1594234118.674106|FORM|saving 0 for leftRightDifferentiation, keypath: notesInstead|
1594234118.674203|FORM|saving 0 for merge, keypath: merge|
1594234118.680295|FORM|saving 1 for isEnabled, keypath: isEnabled|
1594234118.686444|ASL|enable shortcut fetch|
1594234119.665512|NEWUI|Loading Config Debounced|
1594234121.804967|UI|Level 3 Focused|
1594234122.391919|UI|Level 1 Focused|
1594234122.460703|NEWUI|Loading Config Debounced|
1594234122.460798|FORM|1UUID F4AAAADA-CF4E-43FE-8011-D6C43A8C9A9A == DCCEA1DD-6E9F-4C5B-99B8-42FB6DB1E7AC editing 0 == 0|
1594234122.693182|FORM|SETTING LEVEL 1 TRIGGER|
1594234122.693244|FORM|2UUID F4AAAADA-CF4E-43FE-8011-D6C43A8C9A9A == F4AAAADA-CF4E-43FE-8011-D6C43A8C9A9A editing 0 == 0|
1594234122.754953|NEWUI|Loading Config Debounced|
1594234122.755034|FORM|1NOT UPDATING ! UUID F4AAAADA-CF4E-43FE-8011-D6C43A8C9A9A == F4AAAADA-CF4E-43FE-8011-D6C43A8C9A9A editing action == 0|
1594234123.741672|ASL|enable shortcut fetch|
1594234124.209631|FORM|saving 0 for leftRightDifferentiation, keypath: notesInstead|
1594234124.209736|FORM|saving 0 for merge, keypath: merge|
1594234124.215675|FORM|saving 1 for isEnabled, keypath: isEnabled|
1594234127.813373|UI|Level 3 Focused|
1594234127.817752|UI|Level 3 Focused|
1594234127.904323|NEWUI|Loading Config Debounced|
1594234127.904410|FORM|1UUID F4AAAADA-CF4E-43FE-8011-D6C43A8C9A9A == F4AAAADA-CF4E-43FE-8011-D6C43A8C9A9A editing 1 == 0|
1594234128.140748|ASL|setup|
1594234128.161681|ASL|Become active|
1594234128.169042|ASL|Become active|
1594234128.169221|ASL|adding key monitor|
1594234128.548169|ASL|Become active|
1594234128.556136|ASL|Become active|
1594234215.565609|UI|Level 1 Focused|
1594234215.565798|ASL|resign <NSScrollView: 0x7f95fa0da800>|
1594234215.637584|NEWUI|Loading Config Debounced|
1594234215.637651|FORM|1UUID F4AAAADA-CF4E-43FE-8011-D6C43A8C9A9A == F4AAAADA-CF4E-43FE-8011-D6C43A8C9A9A editing 0 == 1|
1594234215.868295|ASL|removing key monitor|
1594234215.898095|FORM|SETTING LEVEL 1 TRIGGER|
1594234215.898144|FORM|2UUID F4AAAADA-CF4E-43FE-8011-D6C43A8C9A9A == F4AAAADA-CF4E-43FE-8011-D6C43A8C9A9A editing 0 == 0|
1594234215.960046|NEWUI|Loading Config Debounced|
1594234215.960103|FORM|1NOT UPDATING ! UUID F4AAAADA-CF4E-43FE-8011-D6C43A8C9A9A == F4AAAADA-CF4E-43FE-8011-D6C43A8C9A9A editing action == 0|
1594234217.212318|ASL|enable shortcut fetch|
1594234220.623557|ASL|Error Domain=NSCocoaErrorDomain Code=0 "The key combination ⌘L can't be used!" UserInfo={NSLocalizedRecoveryOptions=(
    OK
), NSLocalizedDescription=The key combination ⌘L can't be used!, NSLocalizedRecoverySuggestion=The key combination "Command + L" can't be used because it's already used by the menu item "Show Live View".}|
1594234220.625527|FORM|saving 0 for leftRightDifferentiation, keypath: notesInstead|
1594234220.625582|FORM|saving 0 for merge, keypath: merge|
1594234220.630093|FORM|saving 1 for isEnabled, keypath: isEnabled|
1594234224.364821|UI|Level 3 Focused|
1594234224.368358|UI|Level 3 Focused|
1594234224.503860|NEWUI|Loading Config Debounced|
1594234224.503905|FORM|1UUID F4AAAADA-CF4E-43FE-8011-D6C43A8C9A9A == F4AAAADA-CF4E-43FE-8011-D6C43A8C9A9A editing 1 == 0|
1594234224.736206|ASL|setup|
1594234224.753534|ASL|Become active|
1594234224.760938|ASL|Become active|
1594234224.761124|ASL|adding key monitor|
1594234224.870481|ASL|Become active|
1594234224.877622|ASL|Become active|
1594234231.041112|ASL|resign <NSScrollView: 0x7f95fa145000>|
1594234231.122434|OUTLINE|CLICKED|
1594234231.400781|ASL|removing key monitor|
1594234234.379072|SEC|SecureInputActive com.apple.loginwindow 182|
1594234236.381802|TB|Force show Touch Bar|
1594234236.402999|SEC|SecureInputDisabled com.apple.loginwindow|
1594234241.853712|SEC|SecureInputActive com.googlecode.iterm2 520|
1594234290.885149|SEC|SecureInputDisabled com.googlecode.iterm2|
1594234290.913119|UI|Level 1 Focused|
1594234291.035848|NEWUI|Loading Config Debounced|
1594234291.035892|FORM|1UUID F4AAAADA-CF4E-43FE-8011-D6C43A8C9A9A == F4AAAADA-CF4E-43FE-8011-D6C43A8C9A9A editing 0 == 1|
1594234291.270195|FORM|2UUID 3B05A162-D604-4DE4-B629-5942C2F684C6 == F4AAAADA-CF4E-43FE-8011-D6C43A8C9A9A editing 0 == 0|
1594234291.534660|ASL|enable shortcut fetch|
1594234291.826012|short|eventtap success|
1594234293.479486|FORM|saving 0 for leftRightDifferentiation, keypath: notesInstead|
1594234293.479548|FORM|saving 0 for merge, keypath: merge|
1594234293.483973|FORM|saving 1 for isEnabled, keypath: isEnabled|
1594234297.123757|UI|Level 3 Focused|
1594234297.128332|UI|Level 3 Focused|
1594234297.227775|NEWUI|Loading Config Debounced|
1594234297.227816|FORM|1UUID 3B05A162-D604-4DE4-B629-5942C2F684C6 == 3B05A162-D604-4DE4-B629-5942C2F684C6 editing 1 == 0|
1594234297.455622|ASL|setup|
1594234297.474779|ASL|Become active|
1594234297.481793|ASL|Become active|
1594234297.481968|ASL|adding key monitor|
1594234297.852391|ASL|Become active|
1594234297.859011|ASL|Become active|
1594234306.089113|ASL|resign <NSScrollView: 0x7f95fa145000>|
1594234306.160283|OUTLINE|CLICKED|
1594234306.160831|ASL|enable shortcut fetch|
1594234314.206847|ASL|Error Domain=NSCocoaErrorDomain Code=0 "The key combination ⌃F4 may already be used by a system-wide keyboard shortcut.(Most shortcuts can be changed in the Keyboard & Mouse panel in System Preferences.)" UserInfo={NSLocalizedRecoveryOptions=(
    OK
), NSLocalizedDescription=The key combination ⌃F4 may already be used by a system-wide keyboard shortcut.(Most shortcuts can be changed in the Keyboard & Mouse panel in System Preferences.), NSLocalizedRecoverySuggestion=The key combination "Function + Control + F4" may already used by a system-wide keyboard shortcut. (Most shortcuts can be changed in the Keyboard & Mouse panel in System Preferences.)}|
1594234314.206905|OUTLINE|CHANGEDVAL|
1594234314.215691|ASL|disable shortcut fetch|
1594234314.457218|ASL|removing key monitor|
1594234316.138518|UI|Level 3 Focused|
1594234316.214503|NEWUI|Loading Config Debounced|
1594234316.214597|FORM|1UUID 3B05A162-D604-4DE4-B629-5942C2F684C6 == 3B05A162-D604-4DE4-B629-5942C2F684C6 editing 1 == 1|
1594234318.678770|SEC|SecureInputActive com.googlecode.iterm2 520|
1594234319.315088|SEC|SecureInputDisabled com.googlecode.iterm2|
1594234320.111331|short|eventtap success|
1594234321.348227|SEC|SecureInputActive com.googlecode.iterm2 520|
1594234321.637970|SEC|SecureInputDisabled com.googlecode.iterm2|
1594234323.063410|SEC|SecureInputActive com.googlecode.iterm2 520|
1594234323.642965|SEC|SecureInputDisabled com.googlecode.iterm2|
1594234324.447483|short|eventtap success|
1594234325.645422|SEC|SecureInputActive com.googlecode.iterm2 520|
1594234326.923502|SEC|SecureInputDisabled com.googlecode.iterm2|
1594234327.680446|short|eventtap success|
1594234328.000950|NEWUI|Loading Config Debounced|
1594234377.129848|UI|Level 1 Focused|
1594234377.457961|FORM|2UUID 7DACB571-4170-4587-8F71-BCADB6D454CF == DCCEA1DD-6E9F-4C5B-99B8-42FB6DB1E7AC editing 0 == 0|
1594234377.705073|ASL|enable shortcut fetch|
1594234381.788923|ASL|disable shortcut fetch|
1594234381.789161|UI|Level 3 Focused|
1594234381.791953|UI|Level 3 Focused|
1594234381.885976|NEWUI|Loading Config Debounced|
1594234381.886025|FORM|1UUID 7DACB571-4170-4587-8F71-BCADB6D454CF == 7DACB571-4170-4587-8F71-BCADB6D454CF editing 1 == 0|
1594234382.114773|ASL|setup|
1594234382.131882|ASL|Become active|
1594234382.139824|ASL|Become active|
1594234382.140013|ASL|adding key monitor|
1594234382.195332|ASL|Become active|
1594234382.202446|ASL|Become active|
1594234395.278928|UI|Level 1 Focused|
1594234395.279155|ASL|resign <NSScrollView: 0x7f95fa0da800>|
1594234395.352750|NEWUI|Loading Config Debounced|
1594234395.352793|FORM|1UUID 7DACB571-4170-4587-8F71-BCADB6D454CF == 7DACB571-4170-4587-8F71-BCADB6D454CF editing 0 == 1|
1594234395.584274|ASL|removing key monitor|
1594234395.614180|FORM|SETTING LEVEL 1 TRIGGER|
1594234395.614240|FORM|2UUID 7DACB571-4170-4587-8F71-BCADB6D454CF == 7DACB571-4170-4587-8F71-BCADB6D454CF editing 0 == 0|
1594234395.676977|NEWUI|Loading Config Debounced|
1594234395.677067|FORM|1NOT UPDATING ! UUID 7DACB571-4170-4587-8F71-BCADB6D454CF == 7DACB571-4170-4587-8F71-BCADB6D454CF editing action == 0|
1594234399.381738|FORM|2UUID 3B05A162-D604-4DE4-B629-5942C2F684C6 == 7DACB571-4170-4587-8F71-BCADB6D454CF editing 0 == 0|
1594234399.453068|NEWUI|Loading Config Debounced|
1594234399.453126|FORM|1UUID 3B05A162-D604-4DE4-B629-5942C2F684C6 == 3B05A162-D604-4DE4-B629-5942C2F684C6 editing 0 == 0|
1594234401.095925|UI|Level 3 Focused|
1594234401.171056|NEWUI|Loading Config Debounced|
1594234401.171148|FORM|1UUID 3B05A162-D604-4DE4-B629-5942C2F684C6 == 3B05A162-D604-4DE4-B629-5942C2F684C6 editing 1 == 0|
1594234405.817100|ASL|deallocating root Window controller|
1594234405.823857|ASL|deallocating BTTPrefsMenuContentContainerVC|
1594234405.840916|NEWUI|DEALLOC Settings Container VC|
1594234405.847975|ASL|dealloc main ui structure vc|
1594234405.848013|ASL|deallocating BTTMainUIStructureVC|
1594234405.848120|ASL|deallocating BTTMainSplitViewController|
1594234405.848315|ASL|deallocating BTTAppListVC|
1594234405.848480|ASL|deallocating BTTTopMenuVC|
1594234405.848950|ASL|deallocating BTTOutlineModeVC|
1594234405.849142|ASL|deallocating BTTConfigurationVC|
1594234405.856119|ASL|dealloc level1|
1594234405.856155|ASL|deallocating BTTLevel1VC|
1594234405.856495|ASL|deallocating BTTLevel3VC|
1594234405.856754|ASL|deallocating BTTConfigurationVC|
1594234410.599425|SEC|SecureInputActive com.googlecode.iterm2 520|
1594234432.223613|SEC|SecureInputDisabled com.googlecode.iterm2|
1594234432.968212|short|eventtap success|
1594234449.350865|SEC|SecureInputActive com.googlecode.iterm2 520|
1594234462.100157|SEC|SecureInputDisabled com.googlecode.iterm2|
1594234462.908495|short|eventtap success|
1594234466.908758|SEC|SecureInputActive com.googlecode.iterm2 520|
1594234467.567578|SEC|SecureInputDisabled com.googlecode.iterm2|
1594234468.387226|short|eventtap success|
1594234478.500276|SEC|SecureInputActive com.googlecode.iterm2 520|
1594234485.378313|ASL|view did load BTTAppListVC|
1594234485.386199|ASL|view did load BTTTopMenuVC|
1594234485.389703|ASL|window did load BTTRootPreferencesWC|
1594234485.389767|ASL|did set <BTTMainUIStructureVC: 0x600003b686c0> BTTMainUIStructureVC|
1594234485.389793|ASL|did set <BTTConfigurationVC: 0x7f95f899eb30> BTTConfigurationVC|
1594234485.389831|ASL|did set <BTTLevel3VC: 0x60000354c4e0> BTTLevel3VC|
1594234485.389852|ASL|did set <BTTLevel1VC: 0x60000312f750> BTTLevel1VC|
1594234485.389876|ASL|did set <BTTMainSplitViewController: 0x600003f00c80> BTTMainSplitViewController|
1594234485.389907|ASL|did set <BTTOutlineModeVC: 0x60000312efd0> BTTOutlineModeVC|
1594234485.389926|ASL|did set <BTTConfigurationVC: 0x7f95f87274c0> BTTConfigurationVC|
1594234485.389967|ASL|did set <BTTTopMenuVC: 0x60000371ef40> BTTTopMenuVC|
1594234485.697717|ASL|did load level 3|
1594234485.734456|FORM|2UUID 5EA1C2DA-0126-4D3A-A3D4-BA46B562EEAB == (null) editing 0 == 0|
1594234485.911484|NEWUI|Loading Config Debounced|
1594234485.911513|FORM|1UUID 5EA1C2DA-0126-4D3A-A3D4-BA46B562EEAB == 5EA1C2DA-0126-4D3A-A3D4-BA46B562EEAB editing 0 == 0|
1594234486.079578|FORM|2UUID 5EA1C2DA-0126-4D3A-A3D4-BA46B562EEAB == 5EA1C2DA-0126-4D3A-A3D4-BA46B562EEAB editing 0 == 0|
1594234486.140165|NEWUI|Loading Config Debounced|
1594234486.140226|FORM|1UUID 5EA1C2DA-0126-4D3A-A3D4-BA46B562EEAB == 5EA1C2DA-0126-4D3A-A3D4-BA46B562EEAB editing 0 == 0|
1594234486.316589|SEC|SecureInputDisabled com.googlecode.iterm2|
1594234488.953821|FORM|2UUID 70A41637-4182-4B2A-8F9D-CF2A735ACD72 == 5EA1C2DA-0126-4D3A-A3D4-BA46B562EEAB editing 0 == 0|
1594234489.167369|short|eventtap success|
1594234489.203217|ASL|enable shortcut fetch|
1594234494.433899|FORM|saving 0 for leftRightDifferentiation, keypath: notesInstead|
1594234494.433963|FORM|saving 0 for merge, keypath: merge|
1594234494.438360|FORM|saving 1 for isEnabled, keypath: isEnabled|
1594234495.521575|UI|Level 3 Focused|
1594234495.524847|UI|Level 3 Focused|
1594234495.605203|NEWUI|Loading Config Debounced|
1594234495.605249|FORM|1UUID 70A41637-4182-4B2A-8F9D-CF2A735ACD72 == 70A41637-4182-4B2A-8F9D-CF2A735ACD72 editing 1 == 0|
1594234495.842535|ASL|setup|
1594234495.880338|ASL|Become active|
1594234495.887791|ASL|Become active|
1594234495.887941|ASL|adding key monitor|
1594234496.265607|ASL|Become active|
1594234496.272550|ASL|Become active|
1594234497.379138|ASL|resign <NSScrollView: 0x7f95fc18a400>|
1594234497.473970|OUTLINE|CLICKED|
1594234497.475244|ASL|enable shortcut fetch|
1594234498.746937|ASL|Error Domain=NSCocoaErrorDomain Code=0 "The key combination ⌘C can't be used!" UserInfo={NSLocalizedRecoveryOptions=(
    OK
), NSLocalizedDescription=The key combination ⌘C can't be used!, NSLocalizedRecoverySuggestion=The key combination "Command + C" can't be used because it's already used by the menu item "Copy Selected Item(s)".}|
1594234498.747387|OUTLINE|CHANGEDVAL|
1594234498.755518|ASL|disable shortcut fetch|
1594234499.038392|ASL|removing key monitor|
1594234500.772494|UI|Level 1 Focused|
1594234501.073610|NEWUI|Loading Config Debounced|
1594234501.073648|FORM|1UUID 70A41637-4182-4B2A-8F9D-CF2A735ACD72 == 70A41637-4182-4B2A-8F9D-CF2A735ACD72 editing 0 == 1|
1594234501.081359|FORM|2UUID 8F4D7102-B006-43F2-9EA3-F894B92017D9 == 70A41637-4182-4B2A-8F9D-CF2A735ACD72 editing 0 == 0|
1594234501.335965|ASL|enable shortcut fetch|
1594234504.559397|FORM|saving 0 for leftRightDifferentiation, keypath: notesInstead|
1594234504.559458|FORM|saving 0 for merge, keypath: merge|
1594234504.563952|FORM|saving 1 for isEnabled, keypath: isEnabled|
1594234505.774822|UI|Level 3 Focused|
1594234505.778904|UI|Level 3 Focused|
1594234505.939545|NEWUI|Loading Config Debounced|
1594234505.939581|FORM|1UUID 8F4D7102-B006-43F2-9EA3-F894B92017D9 == 8F4D7102-B006-43F2-9EA3-F894B92017D9 editing 1 == 0|
1594234506.164008|ASL|setup|
1594234506.182007|ASL|Become active|
1594234506.189926|ASL|Become active|
1594234506.190096|ASL|adding key monitor|
1594234506.294719|ASL|Become active|
1594234506.303733|ASL|Become active|
1594234508.723900|ASL|resign <NSScrollView: 0x7f95fc18a400>|
1594234508.817053|OUTLINE|CLICKED|
1594234508.818161|ASL|enable shortcut fetch|
1594234509.269701|ASL|Error Domain=NSCocoaErrorDomain Code=0 "The key combination ⌘V can't be used!" UserInfo={NSLocalizedRecoveryOptions=(
    OK
), NSLocalizedDescription=The key combination ⌘V can't be used!, NSLocalizedRecoverySuggestion=The key combination "Command + V" can't be used because it's already used by the menu item "Paste".}|
1594234509.270572|OUTLINE|CHANGEDVAL|
1594234509.310566|ASL|disable shortcut fetch|
1594234509.641552|ASL|removing key monitor|
1594234511.975202|SEC|SecureInputActive com.googlecode.iterm2 520|
1594234519.762838|SEC|SecureInputDisabled com.googlecode.iterm2|
1594234519.832634|UI|Level 1 Focused|
1594234519.965777|NEWUI|Loading Config Debounced|
1594234519.965851|FORM|1UUID 8F4D7102-B006-43F2-9EA3-F894B92017D9 == 8F4D7102-B006-43F2-9EA3-F894B92017D9 editing 0 == 1|
1594234520.162733|FORM|2UUID 631FC972-BD26-4CF7-8D7F-EAC0E9AB686F == 8F4D7102-B006-43F2-9EA3-F894B92017D9 editing 0 == 0|
1594234520.347958|short|eventtap success|
1594234520.431843|ASL|enable shortcut fetch|
1594234521.131447|FORM|saving 0 for leftRightDifferentiation, keypath: notesInstead|
1594234521.131494|FORM|saving 0 for merge, keypath: merge|
1594234521.135397|FORM|saving 1 for isEnabled, keypath: isEnabled|
1594234523.035747|UI|Level 3 Focused|
1594234523.039639|UI|Level 3 Focused|
1594234523.138769|NEWUI|Loading Config Debounced|
1594234523.138814|FORM|1UUID 631FC972-BD26-4CF7-8D7F-EAC0E9AB686F == 631FC972-BD26-4CF7-8D7F-EAC0E9AB686F editing 1 == 0|
1594234523.367840|ASL|setup|
1594234523.382994|ASL|Become active|
1594234523.389744|ASL|Become active|
1594234523.389915|ASL|adding key monitor|
1594234523.723891|ASL|Become active|
1594234523.730076|ASL|Become active|
1594234524.625468|ASL|resign <NSScrollView: 0x7f95fc18a400>|
1594234524.698011|OUTLINE|CLICKED|
1594234524.698647|ASL|enable shortcut fetch|
1594234525.969990|ASL|Error Domain=NSCocoaErrorDomain Code=0 "The key combination ⌘X can't be used!" UserInfo={NSLocalizedRecoveryOptions=(
    OK
), NSLocalizedDescription=The key combination ⌘X can't be used!, NSLocalizedRecoverySuggestion=The key combination "Command + X" can't be used because it's already used by the menu item "Cut Selected Item(s)".}|
1594234525.970321|OUTLINE|CHANGEDVAL|
1594234525.977955|ASL|disable shortcut fetch|
1594234526.367660|ASL|removing key monitor|
1594234535.671422|SEC|SecureInputActive com.googlecode.iterm2 520|
1594234536.583778|ASL|deallocating root Window controller|
1594234536.588483|ASL|deallocating BTTPrefsMenuContentContainerVC|
1594234536.599569|ASL|dealloc main ui structure vc|
1594234536.599612|ASL|deallocating BTTMainUIStructureVC|
1594234536.599701|ASL|deallocating BTTMainSplitViewController|
1594234536.599876|ASL|deallocating BTTAppListVC|
1594234536.600046|ASL|deallocating BTTTopMenuVC|
1594234536.600568|ASL|deallocating BTTOutlineModeVC|
1594234536.600791|ASL|deallocating BTTConfigurationVC|
1594234536.607532|ASL|dealloc level1|
1594234536.607576|ASL|deallocating BTTLevel1VC|
1594234536.607974|ASL|deallocating BTTLevel3VC|
1594234536.608293|ASL|deallocating BTTConfigurationVC|
1594234537.964320|SEC|SecureInputDisabled com.googlecode.iterm2|
1594234538.709057|short|eventtap success|
1594234545.694594|SEC|SecureInputActive com.googlecode.iterm2 520|
